<?xml version="1.0" encoding="UTF-8"?>
<testsuite xmlns:xsi="http://www.w3.org/2001/XMLSchema-instance" xsi:noNamespaceSchemaLocation="https://maven.apache.org/surefire/maven-surefire-plugin/xsd/surefire-test-report-3.0.xsd" version="3.0" name="com.emailslicer.EmailSlicerTest" time="0.109" tests="9" errors="0" skipped="0" failures="0">
  <properties>
[...]
</properties>
  <testcase name="testSingleAtSymbol" classname="com.emailslicer.EmailSlicerTest" time="0.044"/>
  <testcase name="testAtAtEnd" classname="com.emailslicer.EmailSlicerTest" time="0.003"/>
  <testcase name="testEmptyStringThrows" classname="com.emailslicer.EmailSlicerTest" time="0.004"/>
  <testcase name="testValidEmail" classname="com.emailslicer.EmailSlicerTest" time="0.003"/>
  <testcase name="testOnlyWhitespaceThrows" classname="com.emailslicer.EmailSlicerTest" time="0.003"/>
  <testcase name="testAtAtBeginning" classname="com.emailslicer.EmailSlicerTest" time="0.001"/>
  <testcase name="testInvalidEmailNoAt" classname="com.emailslicer.EmailSlicerTest" time="0.002"/>
  <testcase name="testMultipleAtSymbols" classname="com.emailslicer.EmailSlicerTest" time="0.002"/>
  <testcase name="testWhitespaceTrimming" classname="com.emailslicer.EmailSlicerTest" time="0.001"/>
</testsuite>